<?xml version="1.0" encoding="UTF-8"?>
<!-- Generated by org.testng.reporters.JUnitReportReporter -->
<testsuite skipped="0" hostname="AndroidWifi" name="com.monster.tests.LoginTest" tests="3" failures="0" timestamp="03 May 2019 08:23:01 GMT" time="146.983" errors="0">
  <testcase name="login" time="51.471" classname="com.monster.tests.LoginTest"/>
  <testcase name="login" time="48.082" classname="com.monster.tests.LoginTest"/>
  <testcase name="login" time="47.430" classname="com.monster.tests.LoginTest"/>
</testsuite> <!-- com.monster.tests.LoginTest -->
